-------------------------------------------------------------------------------
Test set: csan.springframework.controllers.PropertyInjectedControllerTest
-------------------------------------------------------------------------------
Tests run: 1, Failures: 1, Errors: 0, Skipped: 0, Time elapsed: 0 s <<< FAILURE! - in csan.springframework.controllers.PropertyInjectedControllerTest
testGreeting(csan.springframework.controllers.PropertyInjectedControllerTest)  Time elapsed: 0 s  <<< FAILURE!
org.junit.ComparisonFailure: expected:<Hellow bows[]> but was:<Hellow bows[ by property]>
	at csan.springframework.controllers.PropertyInjectedControllerTest.testGreeting(PropertyInjectedControllerTest.java:20)

