-------------------------------------------------------------------------------
Test set: csan.springframework.controllers.SetterInjectedControllerTest
-------------------------------------------------------------------------------
Tests run: 1, Failures: 1, Errors: 0, Skipped: 0, Time elapsed: 0 s <<< FAILURE! - in csan.springframework.controllers.SetterInjectedControllerTest
testGreeting(csan.springframework.controllers.SetterInjectedControllerTest)  Time elapsed: 0 s  <<< FAILURE!
org.junit.ComparisonFailure: expected:<Hellow bows[]> but was:<Hellow bows[ by setter]>
	at csan.springframework.controllers.SetterInjectedControllerTest.testGreeting(SetterInjectedControllerTest.java:21)

